<?xml version="1.0" encoding="UTF-8"?>
<testsuites>
  <testsuite name="" tests="21" assertions="56" errors="0" warnings="0" failures="0" skipped="0" time="0.034446">
    <testsuite name="Project Test Suite" tests="21" assertions="56" errors="0" warnings="0" failures="0" skipped="0" time="0.034446">
      <testsuite name="App\Cardgame\CardGraphicTest" file="/home/bjorn/dbwebb-kurser/mvc/me/report/tests/Cardgame/CardGraphicTest.php" tests="2" assertions="4" errors="0" warnings="0" failures="0" skipped="0" time="0.005863">
        <testcase name="testCreateCardGraphic" class="App\Cardgame\CardGraphicTest" classname="App.Cardgame.CardGraphicTest" file="/home/bjorn/dbwebb-kurser/mvc/me/report/tests/Cardgame/CardGraphicTest.php" line="16" assertions="1" time="0.004566"/>
        <testcase name="testGetAsString" class="App\Cardgame\CardGraphicTest" classname="App.Cardgame.CardGraphicTest" file="/home/bjorn/dbwebb-kurser/mvc/me/report/tests/Cardgame/CardGraphicTest.php" line="27" assertions="3" time="0.001296"/>
      </testsuite>
      <testsuite name="App\Cardgame\CardHandTest" file="/home/bjorn/dbwebb-kurser/mvc/me/report/tests/Cardgame/CardHandTest.php" tests="3" assertions="6" errors="0" warnings="0" failures="0" skipped="0" time="0.011745">
        <testcase name="testGetSuits" class="App\Cardgame\CardHandTest" classname="App.Cardgame.CardHandTest" file="/home/bjorn/dbwebb-kurser/mvc/me/report/tests/Cardgame/CardHandTest.php" line="65" assertions="2" time="0.010349"/>
        <testcase name="testGetValues" class="App\Cardgame\CardHandTest" classname="App.Cardgame.CardHandTest" file="/home/bjorn/dbwebb-kurser/mvc/me/report/tests/Cardgame/CardHandTest.php" line="78" assertions="2" time="0.000725"/>
        <testcase name="testGetString" class="App\Cardgame\CardHandTest" classname="App.Cardgame.CardHandTest" file="/home/bjorn/dbwebb-kurser/mvc/me/report/tests/Cardgame/CardHandTest.php" line="91" assertions="2" time="0.000672"/>
      </testsuite>
      <testsuite name="App\Cardgame\CardTest" file="/home/bjorn/dbwebb-kurser/mvc/me/report/tests/Cardgame/CardTest.php" tests="4" assertions="12" errors="0" warnings="0" failures="0" skipped="0" time="0.001743">
        <testcase name="testCreateCard" class="App\Cardgame\CardTest" classname="App.Cardgame.CardTest" file="/home/bjorn/dbwebb-kurser/mvc/me/report/tests/Cardgame/CardTest.php" line="16" assertions="3" time="0.000511"/>
        <testcase name="testSetValue" class="App\Cardgame\CardTest" classname="App.Cardgame.CardTest" file="/home/bjorn/dbwebb-kurser/mvc/me/report/tests/Cardgame/CardTest.php" line="30" assertions="2" time="0.000233"/>
        <testcase name="testGetAsString" class="App\Cardgame\CardTest" classname="App.Cardgame.CardTest" file="/home/bjorn/dbwebb-kurser/mvc/me/report/tests/Cardgame/CardTest.php" line="45" assertions="5" time="0.000276"/>
        <testcase name="testDraw" class="App\Cardgame\CardTest" classname="App.Cardgame.CardTest" file="/home/bjorn/dbwebb-kurser/mvc/me/report/tests/Cardgame/CardTest.php" line="73" assertions="2" time="0.000722"/>
      </testsuite>
      <testsuite name="App\Cardgame\DeckOfCardsTest" file="/home/bjorn/dbwebb-kurser/mvc/me/report/tests/Cardgame/DeckOfCardsTest.php" tests="6" assertions="15" errors="0" warnings="0" failures="0" skipped="0" time="0.009895">
        <testcase name="testCreateDeck" class="App\Cardgame\DeckOfCardsTest" classname="App.Cardgame.DeckOfCardsTest" file="/home/bjorn/dbwebb-kurser/mvc/me/report/tests/Cardgame/DeckOfCardsTest.php" line="52" assertions="1" time="0.002902"/>
        <testcase name="testGetSuits" class="App\Cardgame\DeckOfCardsTest" classname="App.Cardgame.DeckOfCardsTest" file="/home/bjorn/dbwebb-kurser/mvc/me/report/tests/Cardgame/DeckOfCardsTest.php" line="62" assertions="3" time="0.002380"/>
        <testcase name="testGetDeckAsString" class="App\Cardgame\DeckOfCardsTest" classname="App.Cardgame.DeckOfCardsTest" file="/home/bjorn/dbwebb-kurser/mvc/me/report/tests/Cardgame/DeckOfCardsTest.php" line="74" assertions="3" time="0.001120"/>
        <testcase name="testDraw" class="App\Cardgame\DeckOfCardsTest" classname="App.Cardgame.DeckOfCardsTest" file="/home/bjorn/dbwebb-kurser/mvc/me/report/tests/Cardgame/DeckOfCardsTest.php" line="87" assertions="3" time="0.001357"/>
        <testcase name="testRandomDraw" class="App\Cardgame\DeckOfCardsTest" classname="App.Cardgame.DeckOfCardsTest" file="/home/bjorn/dbwebb-kurser/mvc/me/report/tests/Cardgame/DeckOfCardsTest.php" line="101" assertions="4" time="0.001570"/>
        <testcase name="testGetNumberCards" class="App\Cardgame\DeckOfCardsTest" classname="App.Cardgame.DeckOfCardsTest" file="/home/bjorn/dbwebb-kurser/mvc/me/report/tests/Cardgame/DeckOfCardsTest.php" line="120" assertions="1" time="0.000566"/>
      </testsuite>
      <testsuite name="App\Cardgame\PlayerBankTest" file="/home/bjorn/dbwebb-kurser/mvc/me/report/tests/Cardgame/PlayerBankTest.php" tests="2" assertions="7" errors="0" warnings="0" failures="0" skipped="0" time="0.003303">
        <testcase name="testCreatePlayerBank" class="App\Cardgame\PlayerBankTest" classname="App.Cardgame.PlayerBankTest" file="/home/bjorn/dbwebb-kurser/mvc/me/report/tests/Cardgame/PlayerBankTest.php" line="39" assertions="3" time="0.001768"/>
        <testcase name="testBankWins" class="App\Cardgame\PlayerBankTest" classname="App.Cardgame.PlayerBankTest" file="/home/bjorn/dbwebb-kurser/mvc/me/report/tests/Cardgame/PlayerBankTest.php" line="51" assertions="4" time="0.001535"/>
      </testsuite>
      <testsuite name="App\Cardgame\PlayerTest" file="/home/bjorn/dbwebb-kurser/mvc/me/report/tests/Cardgame/PlayerTest.php" tests="4" assertions="12" errors="0" warnings="0" failures="0" skipped="0" time="0.001897">
        <testcase name="testCreatePlayer" class="App\Cardgame\PlayerTest" classname="App.Cardgame.PlayerTest" file="/home/bjorn/dbwebb-kurser/mvc/me/report/tests/Cardgame/PlayerTest.php" line="39" assertions="3" time="0.000354"/>
        <testcase name="testResetHand" class="App\Cardgame\PlayerTest" classname="App.Cardgame.PlayerTest" file="/home/bjorn/dbwebb-kurser/mvc/me/report/tests/Cardgame/PlayerTest.php" line="51" assertions="2" time="0.000529"/>
        <testcase name="testCurrentValues" class="App\Cardgame\PlayerTest" classname="App.Cardgame.PlayerTest" file="/home/bjorn/dbwebb-kurser/mvc/me/report/tests/Cardgame/PlayerTest.php" line="65" assertions="2" time="0.000557"/>
        <testcase name="testFat" class="App\Cardgame\PlayerTest" classname="App.Cardgame.PlayerTest" file="/home/bjorn/dbwebb-kurser/mvc/me/report/tests/Cardgame/PlayerTest.php" line="83" assertions="5" time="0.000458"/>
      </testsuite>
    </testsuite>
  </testsuite>
</testsuites>
