<?xml version="1.0" encoding="UTF-8"?>
<testsuites>
  <testsuite name="" tests="26" assertions="72" errors="0" warnings="0" failures="0" skipped="0" time="0.027657">
    <testsuite name="Project Test Suite" tests="26" assertions="72" errors="0" warnings="0" failures="0" skipped="0" time="0.027657">
      <testsuite name="App\Cardgame\BlackJackDealerTest" file="/home/bjorn/dbwebb-kurser/mvc/me/report/tests/Cardgame/BlackJackDealerTest.php" tests="2" assertions="8" errors="0" warnings="0" failures="0" skipped="0" time="0.011401">
        <testcase name="testCreatePlayer" class="App\Cardgame\BlackJackDealerTest" classname="App.Cardgame.BlackJackDealerTest" file="/home/bjorn/dbwebb-kurser/mvc/me/report/tests/Cardgame/BlackJackDealerTest.php" line="42" assertions="3" time="0.010406"/>
        <testcase name="testMoneyReturn" class="App\Cardgame\BlackJackDealerTest" classname="App.Cardgame.BlackJackDealerTest" file="/home/bjorn/dbwebb-kurser/mvc/me/report/tests/Cardgame/BlackJackDealerTest.php" line="55" assertions="5" time="0.000995"/>
      </testsuite>
      <testsuite name="App\Cardgame\BlackJackPlayerTest" file="/home/bjorn/dbwebb-kurser/mvc/me/report/tests/Cardgame/BlackJackPlayerTest.php" tests="2" assertions="5" errors="0" warnings="0" failures="0" skipped="0" time="0.000717">
        <testcase name="testCreatePlayer" class="App\Cardgame\BlackJackPlayerTest" classname="App.Cardgame.BlackJackPlayerTest" file="/home/bjorn/dbwebb-kurser/mvc/me/report/tests/Cardgame/BlackJackPlayerTest.php" line="39" assertions="3" time="0.000314"/>
        <testcase name="testCurrentValues" class="App\Cardgame\BlackJackPlayerTest" classname="App.Cardgame.BlackJackPlayerTest" file="/home/bjorn/dbwebb-kurser/mvc/me/report/tests/Cardgame/BlackJackPlayerTest.php" line="52" assertions="2" time="0.000403"/>
      </testsuite>
      <testsuite name="App\Cardgame\CardGraphicTest" file="/home/bjorn/dbwebb-kurser/mvc/me/report/tests/Cardgame/CardGraphicTest.php" tests="2" assertions="5" errors="0" warnings="0" failures="0" skipped="0" time="0.000861">
        <testcase name="testCreateCardGraphic" class="App\Cardgame\CardGraphicTest" classname="App.Cardgame.CardGraphicTest" file="/home/bjorn/dbwebb-kurser/mvc/me/report/tests/Cardgame/CardGraphicTest.php" line="16" assertions="1" time="0.000621"/>
        <testcase name="testGetAsString" class="App\Cardgame\CardGraphicTest" classname="App.Cardgame.CardGraphicTest" file="/home/bjorn/dbwebb-kurser/mvc/me/report/tests/Cardgame/CardGraphicTest.php" line="27" assertions="4" time="0.000240"/>
      </testsuite>
      <testsuite name="App\Cardgame\CardHandTest" file="/home/bjorn/dbwebb-kurser/mvc/me/report/tests/Cardgame/CardHandTest.php" tests="4" assertions="8" errors="0" warnings="0" failures="0" skipped="0" time="0.002164">
        <testcase name="testGetSuits" class="App\Cardgame\CardHandTest" classname="App.Cardgame.CardHandTest" file="/home/bjorn/dbwebb-kurser/mvc/me/report/tests/Cardgame/CardHandTest.php" line="65" assertions="2" time="0.000760"/>
        <testcase name="testGetValues" class="App\Cardgame\CardHandTest" classname="App.Cardgame.CardHandTest" file="/home/bjorn/dbwebb-kurser/mvc/me/report/tests/Cardgame/CardHandTest.php" line="78" assertions="2" time="0.000464"/>
        <testcase name="testGetString" class="App\Cardgame\CardHandTest" classname="App.Cardgame.CardHandTest" file="/home/bjorn/dbwebb-kurser/mvc/me/report/tests/Cardgame/CardHandTest.php" line="91" assertions="2" time="0.000480"/>
        <testcase name="testGetNumberCards" class="App\Cardgame\CardHandTest" classname="App.Cardgame.CardHandTest" file="/home/bjorn/dbwebb-kurser/mvc/me/report/tests/Cardgame/CardHandTest.php" line="105" assertions="2" time="0.000460"/>
      </testsuite>
      <testsuite name="App\Cardgame\CardTest" file="/home/bjorn/dbwebb-kurser/mvc/me/report/tests/Cardgame/CardTest.php" tests="4" assertions="12" errors="0" warnings="0" failures="0" skipped="0" time="0.001398">
        <testcase name="testCreateCard" class="App\Cardgame\CardTest" classname="App.Cardgame.CardTest" file="/home/bjorn/dbwebb-kurser/mvc/me/report/tests/Cardgame/CardTest.php" line="16" assertions="3" time="0.000486"/>
        <testcase name="testSetValue" class="App\Cardgame\CardTest" classname="App.Cardgame.CardTest" file="/home/bjorn/dbwebb-kurser/mvc/me/report/tests/Cardgame/CardTest.php" line="30" assertions="2" time="0.000187"/>
        <testcase name="testGetAsString" class="App\Cardgame\CardTest" classname="App.Cardgame.CardTest" file="/home/bjorn/dbwebb-kurser/mvc/me/report/tests/Cardgame/CardTest.php" line="45" assertions="5" time="0.000212"/>
        <testcase name="testDraw" class="App\Cardgame\CardTest" classname="App.Cardgame.CardTest" file="/home/bjorn/dbwebb-kurser/mvc/me/report/tests/Cardgame/CardTest.php" line="73" assertions="2" time="0.000514"/>
      </testsuite>
      <testsuite name="App\Cardgame\DeckOfCardsTest" file="/home/bjorn/dbwebb-kurser/mvc/me/report/tests/Cardgame/DeckOfCardsTest.php" tests="6" assertions="15" errors="0" warnings="0" failures="0" skipped="0" time="0.007905">
        <testcase name="testCreateDeck" class="App\Cardgame\DeckOfCardsTest" classname="App.Cardgame.DeckOfCardsTest" file="/home/bjorn/dbwebb-kurser/mvc/me/report/tests/Cardgame/DeckOfCardsTest.php" line="52" assertions="1" time="0.001810"/>
        <testcase name="testGetSuits" class="App\Cardgame\DeckOfCardsTest" classname="App.Cardgame.DeckOfCardsTest" file="/home/bjorn/dbwebb-kurser/mvc/me/report/tests/Cardgame/DeckOfCardsTest.php" line="62" assertions="3" time="0.001503"/>
        <testcase name="testGetDeckAsString" class="App\Cardgame\DeckOfCardsTest" classname="App.Cardgame.DeckOfCardsTest" file="/home/bjorn/dbwebb-kurser/mvc/me/report/tests/Cardgame/DeckOfCardsTest.php" line="74" assertions="3" time="0.000986"/>
        <testcase name="testDraw" class="App\Cardgame\DeckOfCardsTest" classname="App.Cardgame.DeckOfCardsTest" file="/home/bjorn/dbwebb-kurser/mvc/me/report/tests/Cardgame/DeckOfCardsTest.php" line="87" assertions="3" time="0.001699"/>
        <testcase name="testRandomDraw" class="App\Cardgame\DeckOfCardsTest" classname="App.Cardgame.DeckOfCardsTest" file="/home/bjorn/dbwebb-kurser/mvc/me/report/tests/Cardgame/DeckOfCardsTest.php" line="101" assertions="4" time="0.001408"/>
        <testcase name="testGetNumberCards" class="App\Cardgame\DeckOfCardsTest" classname="App.Cardgame.DeckOfCardsTest" file="/home/bjorn/dbwebb-kurser/mvc/me/report/tests/Cardgame/DeckOfCardsTest.php" line="120" assertions="1" time="0.000498"/>
      </testsuite>
      <testsuite name="App\Cardgame\PlayerBankTest" file="/home/bjorn/dbwebb-kurser/mvc/me/report/tests/Cardgame/PlayerBankTest.php" tests="2" assertions="7" errors="0" warnings="0" failures="0" skipped="0" time="0.001705">
        <testcase name="testCreatePlayerBank" class="App\Cardgame\PlayerBankTest" classname="App.Cardgame.PlayerBankTest" file="/home/bjorn/dbwebb-kurser/mvc/me/report/tests/Cardgame/PlayerBankTest.php" line="39" assertions="3" time="0.000773"/>
        <testcase name="testBankWins" class="App\Cardgame\PlayerBankTest" classname="App.Cardgame.PlayerBankTest" file="/home/bjorn/dbwebb-kurser/mvc/me/report/tests/Cardgame/PlayerBankTest.php" line="51" assertions="4" time="0.000932"/>
      </testsuite>
      <testsuite name="App\Cardgame\PlayerTest" file="/home/bjorn/dbwebb-kurser/mvc/me/report/tests/Cardgame/PlayerTest.php" tests="4" assertions="12" errors="0" warnings="0" failures="0" skipped="0" time="0.001506">
        <testcase name="testCreatePlayer" class="App\Cardgame\PlayerTest" classname="App.Cardgame.PlayerTest" file="/home/bjorn/dbwebb-kurser/mvc/me/report/tests/Cardgame/PlayerTest.php" line="39" assertions="3" time="0.000367"/>
        <testcase name="testResetHand" class="App\Cardgame\PlayerTest" classname="App.Cardgame.PlayerTest" file="/home/bjorn/dbwebb-kurser/mvc/me/report/tests/Cardgame/PlayerTest.php" line="51" assertions="2" time="0.000368"/>
        <testcase name="testCurrentValues" class="App\Cardgame\PlayerTest" classname="App.Cardgame.PlayerTest" file="/home/bjorn/dbwebb-kurser/mvc/me/report/tests/Cardgame/PlayerTest.php" line="65" assertions="2" time="0.000446"/>
        <testcase name="testFat" class="App\Cardgame\PlayerTest" classname="App.Cardgame.PlayerTest" file="/home/bjorn/dbwebb-kurser/mvc/me/report/tests/Cardgame/PlayerTest.php" line="83" assertions="5" time="0.000325"/>
      </testsuite>
    </testsuite>
  </testsuite>
</testsuites>
